<?xml version="1.0" encoding="UTF-8"?>
<!-- Generated by org.testng.reporters.JUnitXMLReporter -->
<testsuite hostname="LAPTOP-KOCCQ4NN" name="listeners" tests="6" failures="0" timestamp="6 Sep 2020 11:12:10 GMT" time="0.034" errors="0">
  <testcase name="Test4" time="0.007" classname="listners.TestNGListnerDemo"/>
  <testcase name="Test5" time="0.002" classname="listners.TestNGListnerDemo"/>
  <testcase name="Test6" time="0.001" classname="listners.TestNGListnerDemo"/>
  <testcase name="Test1" time="0.001" classname="listners.TestNGListnerDemo2"/>
  <testcase name="Test2" time="0.0" classname="listners.TestNGListnerDemo2"/>
  <testcase name="Test3" time="0.002" classname="listners.TestNGListnerDemo2"/>
</testsuite> <!-- listeners -->
