<?xml version="1.0" encoding="UTF-8"?>
<!-- Generated by org.testng.reporters.JUnitXMLReporter -->
<testsuite hostname="LAPTOP-KOCCQ4NN" name="Default test" tests="3" failures="0" timestamp="6 Sep 2020 11:10:44 GMT" time="0.026" errors="0">
  <testcase name="Test1" time="0.008" classname="listners.TestNGListnerDemo2"/>
  <testcase name="Test2" time="0.002" classname="listners.TestNGListnerDemo2"/>
  <testcase name="Test3" time="0.001" classname="listners.TestNGListnerDemo2"/>
</testsuite> <!-- Default test -->
