<?xml version="1.0" encoding="UTF-8"?>
<testng-results skipped="0" failed="0" total="1" passed="1">
  <reporter-output>
  </reporter-output>
  <suite name="Suite" duration-ms="12080" started-at="2020-08-17T08:32:54Z" finished-at="2020-08-17T08:33:06Z">
    <groups>
    </groups>
    <test name="Test" duration-ms="12080" started-at="2020-08-17T08:32:54Z" finished-at="2020-08-17T08:33:06Z">
      <class name="tests.GoogleSearchTestNGDemo">
        <test-method status="PASS" signature="Setup()[pri:0, instance:tests.GoogleSearchTestNGDemo@c038203]" name="Setup" is-config="true" duration-ms="7" started-at="2020-08-17T14:02:54Z" finished-at="2020-08-17T14:02:54Z">
          <reporter-output>
          </reporter-output>
        </test-method> <!-- Setup -->
        <test-method status="PASS" signature="googleSearch()[pri:0, instance:tests.GoogleSearchTestNGDemo@c038203]" name="googleSearch" duration-ms="11378" started-at="2020-08-17T14:02:54Z" finished-at="2020-08-17T14:03:06Z">
          <reporter-output>
          </reporter-output>
        </test-method> <!-- googleSearch -->
        <test-method status="PASS" signature="TearDown()[pri:0, instance:tests.GoogleSearchTestNGDemo@c038203]" name="TearDown" is-config="true" duration-ms="678" started-at="2020-08-17T14:03:06Z" finished-at="2020-08-17T14:03:06Z">
          <reporter-output>
          </reporter-output>
        </test-method> <!-- TearDown -->
      </class> <!-- tests.GoogleSearchTestNGDemo -->
    </test> <!-- Test -->
  </suite> <!-- Suite -->
</testng-results>
