<?xml version="1.0" encoding="UTF-8"?>
<testng-results skipped="0" failed="0" total="1" passed="1">
  <reporter-output>
  </reporter-output>
  <suite name="Suite" duration-ms="16204" started-at="2020-08-17T08:27:07Z" finished-at="2020-08-17T08:27:23Z">
    <groups>
    </groups>
    <test name="Test" duration-ms="16204" started-at="2020-08-17T08:27:07Z" finished-at="2020-08-17T08:27:23Z">
      <class name="tests.GoogleSearchTestNGDemo">
        <test-method status="PASS" signature="Setup()[pri:0, instance:tests.GoogleSearchTestNGDemo@c038203]" name="Setup" is-config="true" duration-ms="7" started-at="2020-08-17T13:57:07Z" finished-at="2020-08-17T13:57:07Z">
          <reporter-output>
          </reporter-output>
        </test-method> <!-- Setup -->
        <test-method status="PASS" signature="googleSearch()[pri:0, instance:tests.GoogleSearchTestNGDemo@c038203]" name="googleSearch" duration-ms="15303" started-at="2020-08-17T13:57:07Z" finished-at="2020-08-17T13:57:22Z">
          <reporter-output>
          </reporter-output>
        </test-method> <!-- googleSearch -->
        <test-method status="PASS" signature="TearDown()[pri:0, instance:tests.GoogleSearchTestNGDemo@c038203]" name="TearDown" is-config="true" duration-ms="876" started-at="2020-08-17T13:57:22Z" finished-at="2020-08-17T13:57:23Z">
          <reporter-output>
          </reporter-output>
        </test-method> <!-- TearDown -->
      </class> <!-- tests.GoogleSearchTestNGDemo -->
    </test> <!-- Test -->
  </suite> <!-- Suite -->
</testng-results>
